<?xml version="1.0" encoding="UTF-8"?>
<!-- Generated by org.testng.reporters.JUnitXMLReporter -->
<testsuite ignored="4" hostname="DESKTOP-EM2EMIA" failures="4" tests="4" name="Surefire test" time="0.145" errors="0" timestamp="2024-09-06T11:36:53 IST">
  <testcase classname="package1.day2Test" name="compareCost" time="0.005">
    <failure type="java.lang.NullPointerException" message="Cannot invoke &amp;quot;org.openqa.selenium.WebDriver.manage()&amp;quot; because &amp;quot;this.driver&amp;quot; is null">
      <![CDATA[java.lang.NullPointerException: Cannot invoke "org.openqa.selenium.WebDriver.manage()" because "this.driver" is null
at package1.day2Test.compareCost(day2Test.java:15)
at java.base/java.util.ArrayList.forEach(ArrayList.java:1511)
... Removed 32 stack frames]]>
    </failure>
  </testcase> <!-- compareCost -->
  <testcase classname="package1.day3Test" name="verifyAddToCart" time="0.002">
    <failure type="java.lang.NullPointerException" message="Cannot invoke &amp;quot;org.openqa.selenium.WebDriver.manage()&amp;quot; because &amp;quot;this.driver&amp;quot; is null">
      <![CDATA[java.lang.NullPointerException: Cannot invoke "org.openqa.selenium.WebDriver.manage()" because "this.driver" is null
at package1.day3Test.verifyAddToCart(day3Test.java:17)
at java.base/java.util.ArrayList.forEach(ArrayList.java:1511)
... Removed 32 stack frames]]>
    </failure>
  </testcase> <!-- verifyAddToCart -->
  <testcase classname="package1.day4Test" name="verifyCompareFunc" time="0.002">
    <failure type="java.lang.NullPointerException" message="Cannot invoke &amp;quot;org.openqa.selenium.WebDriver.findElement(org.openqa.selenium.By)&amp;quot; because &amp;quot;this.driver&amp;quot; is null">
      <![CDATA[java.lang.NullPointerException: Cannot invoke "org.openqa.selenium.WebDriver.findElement(org.openqa.selenium.By)" because "this.driver" is null
at package1.day4Test.verifyCompareFunc(day4Test.java:18)
at java.base/java.util.ArrayList.forEach(ArrayList.java:1511)
... Removed 32 stack frames]]>
    </failure>
  </testcase> <!-- verifyCompareFunc -->
  <testcase classname="package1.day5Test" name="verifyAccountCreation" time="0.001">
    <failure type="java.lang.NullPointerException" message="Cannot invoke &amp;quot;org.openqa.selenium.WebDriver.findElement(org.openqa.selenium.By)&amp;quot; because &amp;quot;this.driver&amp;quot; is null">
      <![CDATA[java.lang.NullPointerException: Cannot invoke "org.openqa.selenium.WebDriver.findElement(org.openqa.selenium.By)" because "this.driver" is null
at package1.day5Test.verifyAccountCreation(day5Test.java:13)
at java.base/java.util.ArrayList.forEach(ArrayList.java:1511)
... Removed 32 stack frames]]>
    </failure>
  </testcase> <!-- verifyAccountCreation -->
  <testcase classname="package1.BaseTest" name="@BeforeSuite setupChrome" time="0.0">
    <ignored/>
  </testcase> <!-- @BeforeSuite setupChrome -->
  <testcase classname="package1.BaseTest" name="@BeforeSuite setupChrome" time="0.0">
    <ignored/>
  </testcase> <!-- @BeforeSuite setupChrome -->
  <testcase classname="package1.BaseTest" name="@BeforeSuite setupChrome" time="0.0">
    <ignored/>
  </testcase> <!-- @BeforeSuite setupChrome -->
  <testcase classname="package1.BaseTest" name="@BeforeSuite setupChrome" time="0.0">
    <ignored/>
  </testcase> <!-- @BeforeSuite setupChrome -->
</testsuite> <!-- Surefire test -->
